# JRE version: OpenJDK Runtime Environment (8.0_202-b08) (build 1.8.0_202-b08)
# Java VM: OpenJDK 64-Bit Server VM (25.202-b08 mixed mode windows-amd64 compressed oops)
Heap:
 PSYoungGen      total 436224K, used 84224K [0x00000000e0000000, 0x0000000100000000, 0x0000000100000000)
  eden space 369664K, 4% used [0x00000000e0000000,0x00000000e1189160,0x00000000f6900000)
  from space 66560K, 99% used [0x00000000f6900000,0x00000000fa9b7158,0x00000000faa00000)
  to   space 86528K, 0% used [0x00000000fab80000,0x00000000fab80000,0x0000000100000000)
 ParOldGen       total 195584K, used 166180K [0x00000000a0000000, 0x00000000abf00000, 0x00000000e0000000)
  object space 195584K, 84% used [0x00000000a0000000,0x00000000aa249228,0x00000000abf00000)
 Metaspace       used 114323K, capacity 121114K, committed 122176K, reserved 1155072K
  class space    used 14812K, capacity 16110K, committed 16512K, reserved 1048576K
GC Heap History (10 events):
Event: 477.270 GC heap before
{Heap before GC invocations=43 (full 5):
 PSYoungGen      total 393216K, used 338646K [0x00000000e0000000, 0x00000000ff700000, 0x0000000100000000)
  eden space 319488K, 100% used [0x00000000e0000000,0x00000000f3800000,0x00000000f3800000)
  from space 73728K, 25% used [0x00000000f3800000,0x00000000f4ab5808,0x00000000f8000000)
  to   space 70656K, 0% used [0x00000000fb200000,0x00000000fb200000,0x00000000ff700000)
 ParOldGen       total 195584K, used 122704K [0x00000000a0000000, 0x00000000abf00000, 0x00000000e0000000)
  object space 195584K, 62% used [0x00000000a0000000,0x00000000a77d4020,0x00000000abf00000)
 Metaspace       used 113088K, capacity 119672K, committed 120768K, reserved 1153024K
  class space    used 14702K, capacity 15995K, committed 16384K, reserved 1048576K
Event: 477.354 GC heap after
Heap after GC invocations=43 (full 5):
 PSYoungGen      total 437248K, used 15497K [0x00000000e0000000, 0x00000000ff180000, 0x0000000100000000)
  eden space 372224K, 0% used [0x00000000e0000000,0x00000000e0000000,0x00000000f6b80000)
  from space 65024K, 23% used [0x00000000fb200000,0x00000000fc1227e0,0x00000000ff180000)
  to   space 68608K, 0% used [0x00000000f6b80000,0x00000000f6b80000,0x00000000fae80000)
 ParOldGen       total 195584K, used 127482K [0x00000000a0000000, 0x00000000abf00000, 0x00000000e0000000)
  object space 195584K, 65% used [0x00000000a0000000,0x00000000a7c7e950,0x00000000abf00000)
 Metaspace       used 113088K, capacity 119672K, committed 120768K, reserved 1153024K
  class space    used 14702K, capacity 15995K, committed 16384K, reserved 1048576K
}
Event: 481.594 GC heap before
{Heap before GC invocations=44 (full 5):
 PSYoungGen      total 437248K, used 387721K [0x00000000e0000000, 0x00000000ff180000, 0x0000000100000000)
  eden space 372224K, 100% used [0x00000000e0000000,0x00000000f6b80000,0x00000000f6b80000)
  from space 65024K, 23% used [0x00000000fb200000,0x00000000fc1227e0,0x00000000ff180000)
  to   space 68608K, 0% used [0x00000000f6b80000,0x00000000f6b80000,0x00000000fae80000)
 ParOldGen       total 195584K, used 127482K [0x00000000a0000000, 0x00000000abf00000, 0x00000000e0000000)
  object space 195584K, 65% used [0x00000000a0000000,0x00000000a7c7e950,0x00000000abf00000)
 Metaspace       used 113145K, capacity 119820K, committed 121024K, reserved 1155072K
  class space    used 14705K, capacity 15997K, committed 16384K, reserved 1048576K
Event: 481.680 GC heap after
Heap after GC invocations=44 (full 5):
 PSYoungGen      total 440832K, used 24714K [0x00000000e0000000, 0x00000000ffb80000, 0x0000000100000000)
  eden space 372224K, 0% used [0x00000000e0000000,0x00000000e0000000,0x00000000f6b80000)
  from space 68608K, 36% used [0x00000000f6b80000,0x00000000f83a2990,0x00000000fae80000)
  to   space 64512K, 0% used [0x00000000fbc80000,0x00000000fbc80000,0x00000000ffb80000)
 ParOldGen       total 195584K, used 133678K [0x00000000a0000000, 0x00000000abf00000, 0x00000000e0000000)
  object space 195584K, 68% used [0x00000000a0000000,0x00000000a828b828,0x00000000abf00000)
 Metaspace       used 113145K, capacity 119820K, committed 121024K, reserved 1155072K
  class space    used 14705K, capacity 15997K, committed 16384K, reserved 1048576K
}
Event: 486.291 GC heap before
{Heap before GC invocations=45 (full 5):
 PSYoungGen      total 440832K, used 396938K [0x00000000e0000000, 0x00000000ffb80000, 0x0000000100000000)
  eden space 372224K, 100% used [0x00000000e0000000,0x00000000f6b80000,0x00000000f6b80000)
  from space 68608K, 36% used [0x00000000f6b80000,0x00000000f83a2990,0x00000000fae80000)
  to   space 64512K, 0% used [0x00000000fbc80000,0x00000000fbc80000,0x00000000ffb80000)
 ParOldGen       total 195584K, used 133678K [0x00000000a0000000, 0x00000000abf00000, 0x00000000e0000000)
  object space 195584K, 68% used [0x00000000a0000000,0x00000000a828b828,0x00000000abf00000)
 Metaspace       used 113200K, capacity 119866K, committed 121024K, reserved 1155072K
  class space    used 14712K, capacity 16006K, committed 16384K, reserved 1048576K
Event: 486.345 GC heap after
Heap after GC invocations=45 (full 5):
 PSYoungGen      total 455168K, used 7987K [0x00000000e0000000, 0x00000000ffb00000, 0x0000000100000000)
  eden space 391168K, 0% used [0x00000000e0000000,0x00000000e0000000,0x00000000f7e00000)
  from space 64000K, 12% used [0x00000000fbc80000,0x00000000fc44cee8,0x00000000ffb00000)
  to   space 64000K, 0% used [0x00000000f7e00000,0x00000000f7e00000,0x00000000fbc80000)
 ParOldGen       total 195584K, used 150948K [0x00000000a0000000, 0x00000000abf00000, 0x00000000e0000000)
  object space 195584K, 77% used [0x00000000a0000000,0x00000000a9369138,0x00000000abf00000)
 Metaspace       used 113200K, capacity 119866K, committed 121024K, reserved 1155072K
  class space    used 14712K, capacity 16006K, committed 16384K, reserved 1048576K
}
Event: 490.732 GC heap before
{Heap before GC invocations=46 (full 5):
 PSYoungGen      total 455168K, used 399155K [0x00000000e0000000, 0x00000000ffb00000, 0x0000000100000000)
  eden space 391168K, 100% used [0x00000000e0000000,0x00000000f7e00000,0x00000000f7e00000)
  from space 64000K, 12% used [0x00000000fbc80000,0x00000000fc44cee8,0x00000000ffb00000)
  to   space 64000K, 0% used [0x00000000f7e00000,0x00000000f7e00000,0x00000000fbc80000)
 ParOldGen       total 195584K, used 150948K [0x00000000a0000000, 0x00000000abf00000, 0x00000000e0000000)
  object space 195584K, 77% used [0x00000000a0000000,0x00000000a9369138,0x00000000abf00000)
 Metaspace       used 113260K, capacity 119930K, committed 121024K, reserved 1155072K
  class space    used 14712K, capacity 16006K, committed 16384K, reserved 1048576K
Event: 490.774 GC heap after
Heap after GC invocations=46 (full 5):
 PSYoungGen      total 455168K, used 6238K [0x00000000e0000000, 0x00000000ffe00000, 0x0000000100000000)
  eden space 391168K, 0% used [0x00000000e0000000,0x00000000e0000000,0x00000000f7e00000)
  from space 64000K, 9% used [0x00000000f7e00000,0x00000000f84179e0,0x00000000fbc80000)
  to   space 62976K, 0% used [0x00000000fc080000,0x00000000fc080000,0x00000000ffe00000)
 ParOldGen       total 195584K, used 154007K [0x00000000a0000000, 0x00000000abf00000, 0x00000000e0000000)
  object space 195584K, 78% used [0x00000000a0000000,0x00000000a9665fa0,0x00000000abf00000)
 Metaspace       used 113260K, capacity 119930K, committed 121024K, reserved 1155072K
  class space    used 14712K, capacity 16006K, committed 16384K, reserved 1048576K
}
Event: 507.786 GC heap before
{Heap before GC invocations=47 (full 5):
 PSYoungGen      total 455168K, used 397406K [0x00000000e0000000, 0x00000000ffe00000, 0x0000000100000000)
  eden space 391168K, 100% used [0x00000000e0000000,0x00000000f7e00000,0x00000000f7e00000)
  from space 64000K, 9% used [0x00000000f7e00000,0x00000000f84179e0,0x00000000fbc80000)
  to   space 62976K, 0% used [0x00000000fc080000,0x00000000fc080000,0x00000000ffe00000)
 ParOldGen       total 195584K, used 154007K [0x00000000a0000000, 0x00000000abf00000, 0x00000000e0000000)
  object space 195584K, 78% used [0x00000000a0000000,0x00000000a9665fa0,0x00000000abf00000)
 Metaspace       used 114219K, capacity 120982K, committed 121920K, reserved 1155072K
  class space    used 14811K, capacity 16110K, committed 16512K, reserved 1048576K
Event: 508.576 GC heap after
Heap after GC invocations=47 (full 5):
 PSYoungGen      total 432640K, used 62968K [0x00000000e0000000, 0x0000000100000000, 0x0000000100000000)
  eden space 369664K, 0% used [0x00000000e0000000,0x00000000e0000000,0x00000000f6900000)
  from space 62976K, 99% used [0x00000000fc080000,0x00000000ffdfe0b0,0x00000000ffe00000)
  to   space 77312K, 0% used [0x00000000f6900000,0x00000000f6900000,0x00000000fb480000)
 ParOldGen       total 195584K, used 162771K [0x00000000a0000000, 0x00000000abf00000, 0x00000000e0000000)
  object space 195584K, 83% used [0x00000000a0000000,0x00000000a9ef4e38,0x00000000abf00000)
 Metaspace       used 114219K, capacity 120982K, committed 121920K, reserved 1155072K
  class space    used 14811K, capacity 16110K, committed 16512K, reserved 1048576K
}

